	LatSieveTime: 137
	LatSieveTime: 659
	LatSieveTime: 722
	LatSieveTime: 723
	LatSieveTime: 725
	LatSieveTime: 727
	LatSieveTime: 152
	LatSieveTime: 767
	LatSieveTime: 773
	LatSieveTime: 827
	LatSieveTime: 296
	LatSieveTime: 289
	LatSieveTime: 617
	LatSieveTime: 650
	LatSieveTime: 659
	LatSieveTime: 667
	LatSieveTime: 671
	LatSieveTime: 682
	LatSieveTime: 696
	LatSieveTime: 706
	LatSieveTime: 240
	LatSieveTime: 731
	LatSieveTime: 755
	LatSieveTime: 811
	LatSieveTime: 828
	LatSieveTime: 844
	LatSieveTime: 846
	LatSieveTime: 850
	LatSieveTime: 821
	LatSieveTime: 939
	LatSieveTime: 720
	LatSieveTime: 743
	LatSieveTime: 774
	LatSieveTime: 775
	LatSieveTime: 784
	LatSieveTime: 789
	LatSieveTime: 794
	LatSieveTime: 809
	LatSieveTime: 643
	LatSieveTime: 667
	LatSieveTime: 670
	LatSieveTime: 674
	LatSieveTime: 683
	LatSieveTime: 692
	LatSieveTime: 709
	LatSieveTime: 727
	LatSieveTime: 514
	LatSieveTime: 536
	LatSieveTime: 565
	LatSieveTime: 581
	LatSieveTime: 603
	LatSieveTime: 606
	LatSieveTime: 617
	LatSieveTime: 664
	LatSieveTime: 560
	LatSieveTime: 568
	LatSieveTime: 570
	LatSieveTime: 583
	LatSieveTime: 587
	LatSieveTime: 594
	LatSieveTime: 597
	LatSieveTime: 614
	LatSieveTime: 491
	LatSieveTime: 560
	LatSieveTime: 567
	LatSieveTime: 576
	LatSieveTime: 590
	LatSieveTime: 605
	LatSieveTime: 621
	LatSieveTime: 641
	LatSieveTime: 566
	LatSieveTime: 567
	LatSieveTime: 573
	LatSieveTime: 583
	LatSieveTime: 598
	LatSieveTime: 632
	LatSieveTime: 658
	LatSieveTime: 669
	LatSieveTime: 584
	LatSieveTime: 592
	LatSieveTime: 594
	LatSieveTime: 599
	LatSieveTime: 611
	LatSieveTime: 622
	LatSieveTime: 636
	LatSieveTime: 681
	LatSieveTime: 500
	LatSieveTime: 529
	LatSieveTime: 563
	LatSieveTime: 572
	LatSieveTime: 578
	LatSieveTime: 590
	LatSieveTime: 608
	LatSieveTime: 618
	LatSieveTime: 463
	LatSieveTime: 474
	LatSieveTime: 475
	LatSieveTime: 493
	LatSieveTime: 495
	LatSieveTime: 498
	LatSieveTime: 499
	LatSieveTime: 505
	LatSieveTime: 432
	LatSieveTime: 461
	LatSieveTime: 471
	LatSieveTime: 472
	LatSieveTime: 475
	LatSieveTime: 477
	LatSieveTime: 499
	LatSieveTime: 506
	LatSieveTime: 441
	LatSieveTime: 445
	LatSieveTime: 465
	LatSieveTime: 471
	LatSieveTime: 475
	LatSieveTime: 486
	LatSieveTime: 498
	LatSieveTime: 498
	LatSieveTime: 481
	LatSieveTime: 490
	LatSieveTime: 508
	LatSieveTime: 519
	LatSieveTime: 521
	LatSieveTime: 523
	LatSieveTime: 534
	LatSieveTime: 551
	LatSieveTime: 452
	LatSieveTime: 468
	LatSieveTime: 478
	LatSieveTime: 480
	LatSieveTime: 491
	LatSieveTime: 492
	LatSieveTime: 501
	LatSieveTime: 516
	LatSieveTime: 465
	LatSieveTime: 472
	LatSieveTime: 475
	LatSieveTime: 499
	LatSieveTime: 501
	LatSieveTime: 515
	LatSieveTime: 519
	LatSieveTime: 551
	LatSieveTime: 460
	LatSieveTime: 487
	LatSieveTime: 491
	LatSieveTime: 491
	LatSieveTime: 498
	LatSieveTime: 506
	LatSieveTime: 509
	LatSieveTime: 515
	LatSieveTime: 452
	LatSieveTime: 461
	LatSieveTime: 471
	LatSieveTime: 474
	LatSieveTime: 481
	LatSieveTime: 505
	LatSieveTime: 514
	LatSieveTime: 530
	LatSieveTime: 466
	LatSieveTime: 472
	LatSieveTime: 475
	LatSieveTime: 490
	LatSieveTime: 501
	LatSieveTime: 510
	LatSieveTime: 511
	LatSieveTime: 515
	LatSieveTime: 464
	LatSieveTime: 466
	LatSieveTime: 474
	LatSieveTime: 495
	LatSieveTime: 497
	LatSieveTime: 529
	LatSieveTime: 533
	LatSieveTime: 545
	LatSieveTime: 464
	LatSieveTime: 485
	LatSieveTime: 488
	LatSieveTime: 496
	LatSieveTime: 498
	LatSieveTime: 544
	LatSieveTime: 549
	LatSieveTime: 552
	LatSieveTime: 421
	LatSieveTime: 426
	LatSieveTime: 447
	LatSieveTime: 459
	LatSieveTime: 474
	LatSieveTime: 489
	LatSieveTime: 516
	LatSieveTime: 547
	LatSieveTime: 459
	LatSieveTime: 478
	LatSieveTime: 495
	LatSieveTime: 500
	LatSieveTime: 503
	LatSieveTime: 503
	LatSieveTime: 504
	LatSieveTime: 519
	LatSieveTime: 445
	LatSieveTime: 472
	LatSieveTime: 480
	LatSieveTime: 484
	LatSieveTime: 487
	LatSieveTime: 509
	LatSieveTime: 527
	LatSieveTime: 536
	LatSieveTime: 439
	LatSieveTime: 442
	LatSieveTime: 470
	LatSieveTime: 487
	LatSieveTime: 489
	LatSieveTime: 494
	LatSieveTime: 498
	LatSieveTime: 523
	LatSieveTime: 439
	LatSieveTime: 452
	LatSieveTime: 453
	LatSieveTime: 477
	LatSieveTime: 505
	LatSieveTime: 517
	LatSieveTime: 521
	LatSieveTime: 530
	LatSieveTime: 454
	LatSieveTime: 463
	LatSieveTime: 466
	LatSieveTime: 472
	LatSieveTime: 478
	LatSieveTime: 483
	LatSieveTime: 486
	LatSieveTime: 489
	LatSieveTime: 439
	LatSieveTime: 464
	LatSieveTime: 469
	LatSieveTime: 475
	LatSieveTime: 490
	LatSieveTime: 499
	LatSieveTime: 500
	LatSieveTime: 517
	LatSieveTime: 470
	LatSieveTime: 486
	LatSieveTime: 488
	LatSieveTime: 492
	LatSieveTime: 494
	LatSieveTime: 504
	LatSieveTime: 539
	LatSieveTime: 556
	LatSieveTime: 442
	LatSieveTime: 472
	LatSieveTime: 476
	LatSieveTime: 487
	LatSieveTime: 501
	LatSieveTime: 505
	LatSieveTime: 506
	LatSieveTime: 518
	LatSieveTime: 451
	LatSieveTime: 455
	LatSieveTime: 463
	LatSieveTime: 477
	LatSieveTime: 477
	LatSieveTime: 494
	LatSieveTime: 496
	LatSieveTime: 507
	LatSieveTime: 462
	LatSieveTime: 469
	LatSieveTime: 469
	LatSieveTime: 493
	LatSieveTime: 524
	LatSieveTime: 524
	LatSieveTime: 541
	LatSieveTime: 554
	LatSieveTime: 456
	LatSieveTime: 487
	LatSieveTime: 503
	LatSieveTime: 514
	LatSieveTime: 517
	LatSieveTime: 530
	LatSieveTime: 534
	LatSieveTime: 549
	LatSieveTime: 433
	LatSieveTime: 447
	LatSieveTime: 465
	LatSieveTime: 478
	LatSieveTime: 490
	LatSieveTime: 496
	LatSieveTime: 503
	LatSieveTime: 512
	LatSieveTime: 432
	LatSieveTime: 449
	LatSieveTime: 460
	LatSieveTime: 487
	LatSieveTime: 487
	LatSieveTime: 488
	LatSieveTime: 500
	LatSieveTime: 507
	LatSieveTime: 450
	LatSieveTime: 463
	LatSieveTime: 468
	LatSieveTime: 482
	LatSieveTime: 496
	LatSieveTime: 506
	LatSieveTime: 517
	LatSieveTime: 522
	LatSieveTime: 449
	LatSieveTime: 452
	LatSieveTime: 457
	LatSieveTime: 486
	LatSieveTime: 498
	LatSieveTime: 504
	LatSieveTime: 505
	LatSieveTime: 509
	LatSieveTime: 482
	LatSieveTime: 493
	LatSieveTime: 499
	LatSieveTime: 502
	LatSieveTime: 512
	LatSieveTime: 523
	LatSieveTime: 527
	LatSieveTime: 554
	LatSieveTime: 519
	LatSieveTime: 542
	LatSieveTime: 553
	LatSieveTime: 564
	LatSieveTime: 573
	LatSieveTime: 575
	LatSieveTime: 586
	LatSieveTime: 614
	LatSieveTime: 422
	LatSieveTime: 452
	LatSieveTime: 474
	LatSieveTime: 487
	LatSieveTime: 487
	LatSieveTime: 520
	LatSieveTime: 533
	LatSieveTime: 536
	LatSieveTime: 475
	LatSieveTime: 478
	LatSieveTime: 484
	LatSieveTime: 485
	LatSieveTime: 488
	LatSieveTime: 506
	LatSieveTime: 524
	LatSieveTime: 540
	LatSieveTime: 472
	LatSieveTime: 474
	LatSieveTime: 484
	LatSieveTime: 511
	LatSieveTime: 513
	LatSieveTime: 516
	LatSieveTime: 522
	LatSieveTime: 528
	LatSieveTime: 462
	LatSieveTime: 484
	LatSieveTime: 484
	LatSieveTime: 485
	LatSieveTime: 510
	LatSieveTime: 521
	LatSieveTime: 528
	LatSieveTime: 540
	LatSieveTime: 466
	LatSieveTime: 499
	LatSieveTime: 499
	LatSieveTime: 504
	LatSieveTime: 507
	LatSieveTime: 508
	LatSieveTime: 529
	LatSieveTime: 544
	LatSieveTime: 470
	LatSieveTime: 484
	LatSieveTime: 484
	LatSieveTime: 497
	LatSieveTime: 498
	LatSieveTime: 514
	LatSieveTime: 516
	LatSieveTime: 545
	LatSieveTime: 430
	LatSieveTime: 453
	LatSieveTime: 476
	LatSieveTime: 476
	LatSieveTime: 483
	LatSieveTime: 520
	LatSieveTime: 529
	LatSieveTime: 545
	LatSieveTime: 436
	LatSieveTime: 489
	LatSieveTime: 502
	LatSieveTime: 516
	LatSieveTime: 521
	LatSieveTime: 521
	LatSieveTime: 534
	LatSieveTime: 541
	LatSieveTime: 598
	LatSieveTime: 601
	LatSieveTime: 607
	LatSieveTime: 617
	LatSieveTime: 632
	LatSieveTime: 635
	LatSieveTime: 654
	LatSieveTime: 658
	LatSieveTime: 546
	LatSieveTime: 552
	LatSieveTime: 558
	LatSieveTime: 588
	LatSieveTime: 595
	LatSieveTime: 597
	LatSieveTime: 611
	LatSieveTime: 646
	LatSieveTime: 565
	LatSieveTime: 582
	LatSieveTime: 584
	LatSieveTime: 585
	LatSieveTime: 593
	LatSieveTime: 598
	LatSieveTime: 601
	LatSieveTime: 617
	LatSieveTime: 575
	LatSieveTime: 589
	LatSieveTime: 595
	LatSieveTime: 597
	LatSieveTime: 602
	LatSieveTime: 604
	LatSieveTime: 605
	LatSieveTime: 613
	LatSieveTime: 535
	LatSieveTime: 571
	LatSieveTime: 584
	LatSieveTime: 593
	LatSieveTime: 597
	LatSieveTime: 601
	LatSieveTime: 610
	LatSieveTime: 638
	LatSieveTime: 541
	LatSieveTime: 552
	LatSieveTime: 607
	LatSieveTime: 620
	LatSieveTime: 621
	LatSieveTime: 626
	LatSieveTime: 634
	LatSieveTime: 646
	LatSieveTime: 556
	LatSieveTime: 569
	LatSieveTime: 585
	LatSieveTime: 593
	LatSieveTime: 611
	LatSieveTime: 611
	LatSieveTime: 625
	LatSieveTime: 628
	LatSieveTime: 572
	LatSieveTime: 581
	LatSieveTime: 597
	LatSieveTime: 605
	LatSieveTime: 619
	LatSieveTime: 643
	LatSieveTime: 652
	LatSieveTime: 653
	LatSieveTime: 564
	LatSieveTime: 576
	LatSieveTime: 602
	LatSieveTime: 613
	LatSieveTime: 617
	LatSieveTime: 623
	LatSieveTime: 631
	LatSieveTime: 644
	LatSieveTime: 541
	LatSieveTime: 569
	LatSieveTime: 584
	LatSieveTime: 600
	LatSieveTime: 624
	LatSieveTime: 625
	LatSieveTime: 626
	LatSieveTime: 638
	LatSieveTime: 586
	LatSieveTime: 587
	LatSieveTime: 594
	LatSieveTime: 602
	LatSieveTime: 612
	LatSieveTime: 615
	LatSieveTime: 629
	LatSieveTime: 646
	LatSieveTime: 573
	LatSieveTime: 580
	LatSieveTime: 587
	LatSieveTime: 590
	LatSieveTime: 593
	LatSieveTime: 616
	LatSieveTime: 642
	LatSieveTime: 645
	LatSieveTime: 629
	LatSieveTime: 637
	LatSieveTime: 642
	LatSieveTime: 653
	LatSieveTime: 653
	LatSieveTime: 664
	LatSieveTime: 664
	LatSieveTime: 699
	LatSieveTime: 535
	LatSieveTime: 582
	LatSieveTime: 583
	LatSieveTime: 592
	LatSieveTime: 633
	LatSieveTime: 641
	LatSieveTime: 668
	LatSieveTime: 682
	LatSieveTime: 558
	LatSieveTime: 601
	LatSieveTime: 604
	LatSieveTime: 611
	LatSieveTime: 611
	LatSieveTime: 619
	LatSieveTime: 652
	LatSieveTime: 656
	LatSieveTime: 594
	LatSieveTime: 600
	LatSieveTime: 603
	LatSieveTime: 615
	LatSieveTime: 620
	LatSieveTime: 627
	LatSieveTime: 633
	LatSieveTime: 639
	LatSieveTime: 539
	LatSieveTime: 557
	LatSieveTime: 584
	LatSieveTime: 612
	LatSieveTime: 621
	LatSieveTime: 661
	LatSieveTime: 685
	LatSieveTime: 690
	LatSieveTime: 613
	LatSieveTime: 618
	LatSieveTime: 618
	LatSieveTime: 622
	LatSieveTime: 629
	LatSieveTime: 638
	LatSieveTime: 661
	LatSieveTime: 680
	LatSieveTime: 567
	LatSieveTime: 587
	LatSieveTime: 609
	LatSieveTime: 609
	LatSieveTime: 646
	LatSieveTime: 652
	LatSieveTime: 658
	LatSieveTime: 707
	LatSieveTime: 567
	LatSieveTime: 578
	LatSieveTime: 585
	LatSieveTime: 594
	LatSieveTime: 604
	LatSieveTime: 606
	LatSieveTime: 613
	LatSieveTime: 627
	LatSieveTime: 563
	LatSieveTime: 590
	LatSieveTime: 594
	LatSieveTime: 596
	LatSieveTime: 613
	LatSieveTime: 636
	LatSieveTime: 663
	LatSieveTime: 679
	LatSieveTime: 535
	LatSieveTime: 553
	LatSieveTime: 578
	LatSieveTime: 616
	LatSieveTime: 624
	LatSieveTime: 635
	LatSieveTime: 642
	LatSieveTime: 677
	LatSieveTime: 608
	LatSieveTime: 619
	LatSieveTime: 621
	LatSieveTime: 621
	LatSieveTime: 622
	LatSieveTime: 640
	LatSieveTime: 646
	LatSieveTime: 650
	LatSieveTime: 585
	LatSieveTime: 591
	LatSieveTime: 602
	LatSieveTime: 604
	LatSieveTime: 610
	LatSieveTime: 638
	LatSieveTime: 668
	LatSieveTime: 691
	LatSieveTime: 583
	LatSieveTime: 583
	LatSieveTime: 589
	LatSieveTime: 595
	LatSieveTime: 616
	LatSieveTime: 623
	LatSieveTime: 636
	LatSieveTime: 645
	LatSieveTime: 531
	LatSieveTime: 587
	LatSieveTime: 598
	LatSieveTime: 603
	LatSieveTime: 612
	LatSieveTime: 614
	LatSieveTime: 625
	LatSieveTime: 640
	LatSieveTime: 540
	LatSieveTime: 597
	LatSieveTime: 601
	LatSieveTime: 617
	LatSieveTime: 617
	LatSieveTime: 666
	LatSieveTime: 686
	LatSieveTime: 692
	LatSieveTime: 550
	LatSieveTime: 582
	LatSieveTime: 587
	LatSieveTime: 607
	LatSieveTime: 626
	LatSieveTime: 652
	LatSieveTime: 660
	LatSieveTime: 693
	LatSieveTime: 578
	LatSieveTime: 587
	LatSieveTime: 592
	LatSieveTime: 605
	LatSieveTime: 609
	LatSieveTime: 614
	LatSieveTime: 630
	LatSieveTime: 657
	LatSieveTime: 577
	LatSieveTime: 592
	LatSieveTime: 602
	LatSieveTime: 616
	LatSieveTime: 617
	LatSieveTime: 630
	LatSieveTime: 634
	LatSieveTime: 671
	LatSieveTime: 582
	LatSieveTime: 585
	LatSieveTime: 604
	LatSieveTime: 605
	LatSieveTime: 613
	LatSieveTime: 626
	LatSieveTime: 678
	LatSieveTime: 715
	LatSieveTime: 600
	LatSieveTime: 603
	LatSieveTime: 608
	LatSieveTime: 609
	LatSieveTime: 620
	LatSieveTime: 629
	LatSieveTime: 632
	LatSieveTime: 713
	LatSieveTime: 571
	LatSieveTime: 613
	LatSieveTime: 616
	LatSieveTime: 616
	LatSieveTime: 626
	LatSieveTime: 629
	LatSieveTime: 643
	LatSieveTime: 674
	LatSieveTime: 580
	LatSieveTime: 583
	LatSieveTime: 612
	LatSieveTime: 613
	LatSieveTime: 622
	LatSieveTime: 626
	LatSieveTime: 635
	LatSieveTime: 640
	LatSieveTime: 565
	LatSieveTime: 597
	LatSieveTime: 633
	LatSieveTime: 640
	LatSieveTime: 656
	LatSieveTime: 657
	LatSieveTime: 659
	LatSieveTime: 662
	LatSieveTime: 586
	LatSieveTime: 622
	LatSieveTime: 645
	LatSieveTime: 653
	LatSieveTime: 657
	LatSieveTime: 663
	LatSieveTime: 679
	LatSieveTime: 686
	LatSieveTime: 602
	LatSieveTime: 620
	LatSieveTime: 628
	LatSieveTime: 628
	LatSieveTime: 645
	LatSieveTime: 650
	LatSieveTime: 658
	LatSieveTime: 658
	LatSieveTime: 584
	LatSieveTime: 596
	LatSieveTime: 602
	LatSieveTime: 616
	LatSieveTime: 622
	LatSieveTime: 631
	LatSieveTime: 646
	LatSieveTime: 664
	LatSieveTime: 551
	LatSieveTime: 590
	LatSieveTime: 611
	LatSieveTime: 634
	LatSieveTime: 661
	LatSieveTime: 664
	LatSieveTime: 670
	LatSieveTime: 685
	LatSieveTime: 587
	LatSieveTime: 608
	LatSieveTime: 623
	LatSieveTime: 634
	LatSieveTime: 635
	LatSieveTime: 646
	LatSieveTime: 677
	LatSieveTime: 721
	LatSieveTime: 595
	LatSieveTime: 603
	LatSieveTime: 604
	LatSieveTime: 608
	LatSieveTime: 615
	LatSieveTime: 659
	LatSieveTime: 685
	LatSieveTime: 691
	LatSieveTime: 562
	LatSieveTime: 603
	LatSieveTime: 610
	LatSieveTime: 628
	LatSieveTime: 652
	LatSieveTime: 657
	LatSieveTime: 659
	LatSieveTime: 671
	LatSieveTime: 564
	LatSieveTime: 600
	LatSieveTime: 613
	LatSieveTime: 619
	LatSieveTime: 634
	LatSieveTime: 643
	LatSieveTime: 648
	LatSieveTime: 679
	LatSieveTime: 572
	LatSieveTime: 596
	LatSieveTime: 596
	LatSieveTime: 602
	LatSieveTime: 640
	LatSieveTime: 649
	LatSieveTime: 654
	LatSieveTime: 668
	LatSieveTime: 610
	LatSieveTime: 622
	LatSieveTime: 627
	LatSieveTime: 637
	LatSieveTime: 642
	LatSieveTime: 647
	LatSieveTime: 659
	LatSieveTime: 666
	LatSieveTime: 578
	LatSieveTime: 581
	LatSieveTime: 590
	LatSieveTime: 621
	LatSieveTime: 629
	LatSieveTime: 642
	LatSieveTime: 649
	LatSieveTime: 656
	LatSieveTime: 618
	LatSieveTime: 620
	LatSieveTime: 624
	LatSieveTime: 631
	LatSieveTime: 638
	LatSieveTime: 649
	LatSieveTime: 665
	LatSieveTime: 673
	LatSieveTime: 551
	LatSieveTime: 560
	LatSieveTime: 600
	LatSieveTime: 601
	LatSieveTime: 611
	LatSieveTime: 618
	LatSieveTime: 634
	LatSieveTime: 643
	LatSieveTime: 552
	LatSieveTime: 563
	LatSieveTime: 581
	LatSieveTime: 611
	LatSieveTime: 626
	LatSieveTime: 635
	LatSieveTime: 641
	LatSieveTime: 671
	LatSieveTime: 586
	LatSieveTime: 612
	LatSieveTime: 618
	LatSieveTime: 618
	LatSieveTime: 619
	LatSieveTime: 620
	LatSieveTime: 645
	LatSieveTime: 707
	LatSieveTime: 605
	LatSieveTime: 622
	LatSieveTime: 634
	LatSieveTime: 641
	LatSieveTime: 645
	LatSieveTime: 646
	LatSieveTime: 658
	LatSieveTime: 659
	LatSieveTime: 629
	LatSieveTime: 695
	LatSieveTime: 706
	LatSieveTime: 709
	LatSieveTime: 737
	LatSieveTime: 738
	LatSieveTime: 741
	LatSieveTime: 780
	LatSieveTime: 780
	LatSieveTime: 810
	LatSieveTime: 827
	LatSieveTime: 854
	LatSieveTime: 876
	LatSieveTime: 898
	LatSieveTime: 898
	LatSieveTime: 900
	LatSieveTime: 824
	LatSieveTime: 840
	LatSieveTime: 869
	LatSieveTime: 876
	LatSieveTime: 882
	LatSieveTime: 887
	LatSieveTime: 927
	LatSieveTime: 932
	LatSieveTime: 791
	LatSieveTime: 808
	LatSieveTime: 844
	LatSieveTime: 844
	LatSieveTime: 845
	LatSieveTime: 850
	LatSieveTime: 865
	LatSieveTime: 904
	LatSieveTime: 832
	LatSieveTime: 842
	LatSieveTime: 860
	LatSieveTime: 892
	LatSieveTime: 902
	LatSieveTime: 908
	LatSieveTime: 914
	LatSieveTime: 920
	LatSieveTime: 800
	LatSieveTime: 883
	LatSieveTime: 889
	LatSieveTime: 898
	LatSieveTime: 898
	LatSieveTime: 904
	LatSieveTime: 909
	LatSieveTime: 926
	LatSieveTime: 833
	LatSieveTime: 854
	LatSieveTime: 867
	LatSieveTime: 895
	LatSieveTime: 911
	LatSieveTime: 937
	LatSieveTime: 952
	LatSieveTime: 964
	LatSieveTime: 842
	LatSieveTime: 873
	LatSieveTime: 885
	LatSieveTime: 890
	LatSieveTime: 891
	LatSieveTime: 912
	LatSieveTime: 923
	LatSieveTime: 952
	LatSieveTime: 746
	LatSieveTime: 756
	LatSieveTime: 759
	LatSieveTime: 765
	LatSieveTime: 770
	LatSieveTime: 772
	LatSieveTime: 774
	LatSieveTime: 780
	LatSieveTime: 578
	LatSieveTime: 583
	LatSieveTime: 598
	LatSieveTime: 614
	LatSieveTime: 622
	LatSieveTime: 639
	LatSieveTime: 657
	LatSieveTime: 659
	LatSieveTime: 699
	LatSieveTime: 723
	LatSieveTime: 750
	LatSieveTime: 760
	LatSieveTime: 762
	LatSieveTime: 774
	LatSieveTime: 849
	LatSieveTime: 855
	LatSieveTime: 726
	LatSieveTime: 741
	LatSieveTime: 757
	LatSieveTime: 767
	LatSieveTime: 775
	LatSieveTime: 777
	LatSieveTime: 778
	LatSieveTime: 782
	LatSieveTime: 662
	LatSieveTime: 698
	LatSieveTime: 702
	LatSieveTime: 742
	LatSieveTime: 752
	LatSieveTime: 757
	LatSieveTime: 767
	LatSieveTime: 804
	LatSieveTime: 635
	LatSieveTime: 679
	LatSieveTime: 681
	LatSieveTime: 708
	LatSieveTime: 722
	LatSieveTime: 746
	LatSieveTime: 758
	LatSieveTime: 793
	LatSieveTime: 677
	LatSieveTime: 693
	LatSieveTime: 717
	LatSieveTime: 728
	LatSieveTime: 750
	LatSieveTime: 753
	LatSieveTime: 766
	LatSieveTime: 780
	LatSieveTime: 593
	LatSieveTime: 621
	LatSieveTime: 622
	LatSieveTime: 627
	LatSieveTime: 644
	LatSieveTime: 657
	LatSieveTime: 679
	LatSieveTime: 740
	LatSieveTime: 595
	LatSieveTime: 599
	LatSieveTime: 610
	LatSieveTime: 631
	LatSieveTime: 632
	LatSieveTime: 652
	LatSieveTime: 657
	LatSieveTime: 688
	LatSieveTime: 699
	LatSieveTime: 715
	LatSieveTime: 734
	LatSieveTime: 750
	LatSieveTime: 762
	LatSieveTime: 777
	LatSieveTime: 782
	LatSieveTime: 784
	LatSieveTime: 654
	LatSieveTime: 654
	LatSieveTime: 670
	LatSieveTime: 674
	LatSieveTime: 674
	LatSieveTime: 679
	LatSieveTime: 691
	LatSieveTime: 700
	LatSieveTime: 685
	LatSieveTime: 728
	LatSieveTime: 746
	LatSieveTime: 750
	LatSieveTime: 752
	LatSieveTime: 768
	LatSieveTime: 783
	LatSieveTime: 785
